2022-09-02 13:28:52,995 INFO notifyConnectTimeout:200

2022-09-02 13:28:52,998 INFO notifySocketTimeout:8000

2022-09-02 13:28:52,998 INFO isHealthCheck:true

2022-09-02 13:28:52,998 INFO maxHealthCheckFailCount:12

2022-09-02 13:28:52,998 INFO maxContent:10485760

2022-09-02 13:28:55,561 INFO use local db service for init

2022-09-02 13:28:56,116 WARN Lexical error at line 4, column 66.  Encountered: <EOF> after : "".

2022-09-02 13:28:56,119 WARN Syntax error: Encountered "*" at line 1, column 1.

2022-09-02 13:28:56,152 WARN Table/View 'CONFIG_INFO' already exists in Schema 'NACOS'.

2022-09-02 13:28:56,185 WARN Table/View 'HIS_CONFIG_INFO' already exists in Schema 'NACOS'.

2022-09-02 13:28:56,200 WARN Table/View 'CONFIG_INFO_BETA' already exists in Schema 'NACOS'.

2022-09-02 13:28:56,205 WARN Table/View 'CONFIG_INFO_TAG' already exists in Schema 'NACOS'.

2022-09-02 13:28:56,209 WARN Table/View 'CONFIG_INFO_AGGR' already exists in Schema 'NACOS'.

2022-09-02 13:28:56,215 WARN Table/View 'APP_LIST' already exists in Schema 'NACOS'.

2022-09-02 13:28:56,219 WARN Table/View 'APP_CONFIGDATA_RELATION_SUBS' already exists in Schema 'NACOS'.

2022-09-02 13:28:56,223 WARN Table/View 'APP_CONFIGDATA_RELATION_PUBS' already exists in Schema 'NACOS'.

2022-09-02 13:28:56,227 WARN Table/View 'CONFIG_TAGS_RELATION' already exists in Schema 'NACOS'.

2022-09-02 13:28:56,235 WARN Table/View 'GROUP_CAPACITY' already exists in Schema 'NACOS'.

2022-09-02 13:28:56,240 WARN Table/View 'TENANT_CAPACITY' already exists in Schema 'NACOS'.

2022-09-02 13:28:56,244 WARN Table/View 'TENANT_INFO' already exists in Schema 'NACOS'.

2022-09-02 13:28:56,252 WARN Table/View 'USERS' already exists in Schema 'NACOS'.

2022-09-02 13:28:56,256 WARN Table/View 'ROLES' already exists in Schema 'NACOS'.

2022-09-02 13:28:56,260 WARN Table/View 'PERMISSIONS' already exists in Schema 'NACOS'.

2022-09-02 13:28:56,303 WARN The statement was aborted because it would have caused a duplicate key value in a unique or primary key constraint or unique index identified by 'SQL220831222855970' defined on 'USERS'.

2022-09-02 13:28:56,308 WARN The statement was aborted because it would have caused a duplicate key value in a unique or primary key constraint or unique index identified by 'UK_USERNAME_ROLE' defined on 'ROLES'.

2022-09-02 13:28:56,308 WARN Lexical error at line 4, column 13.  Encountered: "`" (96), after : "".

2022-09-02 13:28:56,308 WARN Lexical error at line 1, column 13.  Encountered: "`" (96), after : "".

2022-09-02 13:28:56,308 WARN Lexical error at line 1, column 13.  Encountered: "`" (96), after : "".

2022-09-02 13:28:56,309 WARN Lexical error at line 1, column 13.  Encountered: "`" (96), after : "".

2022-09-02 13:28:56,309 INFO use StandaloneDatabaseOperateImpl

2022-09-02 13:28:57,542 WARN DumpService start

2022-09-02 13:28:57,544 INFO start clear all config-info.

2022-09-02 13:28:57,545 WARN clear all config-info failed.

2022-09-02 13:28:57,545 WARN clear all config-info-tenant failed.

2022-09-02 13:28:57,626 INFO [all-dump] 539086738197331968 / 539086738197331968

2022-09-02 13:28:57,626 INFO start clear all config-info-beta.

2022-09-02 13:28:57,626 WARN clear all config-info-beta failed.

2022-09-02 13:28:57,626 WARN clear all config-info-beta-tenant failed.

2022-09-02 13:28:57,638 INFO start clear all config-info-tag.

2022-09-02 13:28:57,638 WARN clear all config-info-tag failed.

2022-09-02 13:28:57,638 WARN clear all config-info-tag-tenant failed.

2022-09-02 15:08:43,605 INFO notifyConnectTimeout:200

2022-09-02 15:08:43,608 INFO notifySocketTimeout:8000

2022-09-02 15:08:43,608 INFO isHealthCheck:true

2022-09-02 15:08:43,608 INFO maxHealthCheckFailCount:12

2022-09-02 15:08:43,608 INFO maxContent:10485760

2022-09-02 15:08:43,608 INFO spring.datasource.platform:mysql

2022-09-02 15:08:48,404 WARN DumpService start

2022-09-02 15:08:48,405 INFO start clear all config-info.

2022-09-02 15:08:48,405 WARN clear all config-info failed.

2022-09-02 15:08:48,405 WARN clear all config-info-tenant failed.

2022-09-02 15:08:48,416 INFO start clear all config-info-beta.

2022-09-02 15:08:48,416 WARN clear all config-info-beta failed.

2022-09-02 15:08:48,416 WARN clear all config-info-beta-tenant failed.

2022-09-02 15:08:48,419 INFO start clear all config-info-tag.

2022-09-02 15:08:48,419 WARN clear all config-info-tag failed.

2022-09-02 15:08:48,419 WARN clear all config-info-tag-tenant failed.

2022-09-02 15:08:48,437 WARN initialDelay:296

