2022-09-02 13:28:56,682 INFO raft peers changed: [Member{ip='192.168.2.4', port=8848, state=UP, extendInfo={raftPort=7848}}]

2022-09-02 13:28:56,713 INFO initializing Raft sub-system

2022-09-02 13:28:56,807 INFO finish loading all datums, size: 2 cost 94 ms.

2022-09-02 13:28:56,809 INFO cache loaded, datum count: 2, current term: 0

2022-09-02 13:28:56,809 INFO finish to load data from disk, cost: 96 ms.

2022-09-02 13:28:56,811 INFO timer started: leader timeout ms: 15000, heart-beat timeout ms: 5000

2022-09-02 13:28:57,341 INFO add listener: com.alibaba.nacos.naming.domains.meta.00-00---000-NACOS_SWITCH_DOMAIN-000---00-00

2022-09-02 13:28:57,357 INFO add listener: com.alibaba.nacos.naming.domains.meta.

2022-09-02 13:28:57,357 INFO [RAFT-NOTIFIER] datum is changed, key: com.alibaba.nacos.naming.domains.meta.public##DEFAULT_GROUP@@borrow-service, value: Service{name='DEFAULT_GROUP@@borrow-service', protectThreshold=0.0, appName='null', groupName='DEFAULT_GROUP', metadata={}}

2022-09-02 13:28:57,358 INFO add listener: com.alibaba.nacos.naming.iplist.public##DEFAULT_GROUP@@borrow-service

2022-09-02 13:28:57,713 INFO [RAFT-NOTIFIER] datum is changed, key: com.alibaba.nacos.naming.domains.meta.public##DEFAULT_GROUP@@borrow-service, value: Service{name='DEFAULT_GROUP@@borrow-service', protectThreshold=0.0, appName='null', groupName='DEFAULT_GROUP', metadata={}}

2022-09-02 13:28:57,715 INFO add listener: com.alibaba.nacos.naming.iplist.public##DEFAULT_GROUP@@borrow-service

2022-09-02 13:29:01,667 WARN start to close old raft protocol!!!

2022-09-02 13:29:01,667 WARN stop old raft protocol task for notifier

2022-09-02 13:29:01,667 WARN stop old raft protocol task for master task

2022-09-02 13:29:01,667 WARN stop old raft protocol task for heartbeat task

2022-09-02 13:29:01,667 WARN clean old cache datum for old raft

2022-09-02 13:29:01,667 WARN start to close old raft protocol!!!

2022-09-02 13:29:01,667 WARN stop old raft protocol task for notifier

2022-09-02 13:29:01,667 WARN stop old raft protocol task for master task

2022-09-02 13:29:01,667 WARN stop old raft protocol task for heartbeat task

2022-09-02 13:29:01,667 WARN clean old cache datum for old raft

2022-09-02 13:29:01,667 WARN start to move old raft protocol metadata

2022-09-02 13:29:01,669 WARN start to move old raft protocol metadata

2022-09-02 13:29:01,669 INFO raft peers changed: [Member{ip='192.168.2.4', port=8848, state=UP, extendInfo={lastRefreshTime=1662096541668, raftPort=7848, version=1.4.3}}]

2022-09-02 13:42:49,803 INFO add listener: com.alibaba.nacos.naming.iplist.public##DEFAULT_GROUP@@book-service

2022-09-02 13:42:53,446 INFO add listener: com.alibaba.nacos.naming.iplist.public##DEFAULT_GROUP@@user-service

2022-09-02 13:54:13,114 INFO add listener: com.alibaba.nacos.naming.iplist.6a3ccf77-80cb-44b4-a566-6f938d0eaccb##DEFAULT_GROUP@@book-service

2022-09-02 13:54:31,981 INFO add listener: com.alibaba.nacos.naming.iplist.6a3ccf77-80cb-44b4-a566-6f938d0eaccb##DEFAULT_GROUP@@user-service

2022-09-02 13:56:17,425 INFO [RAFT-NOTIFIER] datum is deleted, key: com.alibaba.nacos.naming.domains.meta.public##DEFAULT_GROUP@@book-service

2022-09-02 13:56:47,426 INFO [RAFT-NOTIFIER] datum is deleted, key: com.alibaba.nacos.naming.domains.meta.public##DEFAULT_GROUP@@user-service

2022-09-02 14:07:19,100 INFO add listener: com.alibaba.nacos.naming.iplist.6a3ccf77-80cb-44b4-a566-6f938d0eaccb##DEFAULT_GROUP@@borrow-service

2022-09-02 14:07:19,106 INFO [RAFT-NOTIFIER] datum is changed, key: com.alibaba.nacos.naming.domains.meta.6a3ccf77-80cb-44b4-a566-6f938d0eaccb##DEFAULT_GROUP@@borrow-service, value: Service{name='DEFAULT_GROUP@@borrow-service', protectThreshold=0.0, appName='null', groupName='DEFAULT_GROUP', metadata={}}

2022-09-02 14:07:19,109 INFO add listener: com.alibaba.nacos.naming.iplist.6a3ccf77-80cb-44b4-a566-6f938d0eaccb##DEFAULT_GROUP@@borrow-service

2022-09-02 15:08:46,745 INFO raft peers changed: [Member{ip='192.168.2.4', port=8802, state=UP, extendInfo={raftPort=7802, version=1.4.3}}, Member{ip='127.0.0.1', port=8802, state=DOWN, extendInfo={raftPort=7802}}, Member{ip='127.0.0.1', port=8801, state=DOWN, extendInfo={raftPort=7801}}]

2022-09-02 15:08:46,765 INFO initializing Raft sub-system

2022-09-02 15:08:46,876 INFO finish loading all datums, size: 4 cost 111 ms.

2022-09-02 15:08:46,878 INFO cache loaded, datum count: 4, current term: 0

2022-09-02 15:08:46,878 INFO finish to load data from disk, cost: 113 ms.

2022-09-02 15:08:46,880 INFO timer started: leader timeout ms: 15000, heart-beat timeout ms: 5000

2022-09-02 15:08:47,447 INFO Raft group naming_persistent_service has leader null

2022-09-02 15:08:47,707 INFO raft peers changed: [Member{ip='192.168.2.4', port=8802, state=UP, extendInfo={raftPort=7802, version=1.4.3}}, Member{ip='127.0.0.1', port=8802, state=DOWN, extendInfo={raftPort=7802}}, Member{ip='127.0.0.1', port=8801, state=DOWN, extendInfo={raftPort=7801}}]

2022-09-02 15:08:48,254 INFO add listener: com.alibaba.nacos.naming.domains.meta.00-00---000-NACOS_SWITCH_DOMAIN-000---00-00

2022-09-02 15:08:48,268 INFO add listener: com.alibaba.nacos.naming.domains.meta.

2022-09-02 15:08:48,268 INFO [RAFT-NOTIFIER] datum is changed, key: com.alibaba.nacos.naming.domains.meta.public##DEFAULT_GROUP@@borrow-service, value: Service{name='DEFAULT_GROUP@@borrow-service', protectThreshold=0.0, appName='null', groupName='DEFAULT_GROUP', metadata={}}

2022-09-02 15:08:48,269 INFO add listener: com.alibaba.nacos.naming.iplist.public##DEFAULT_GROUP@@borrow-service

2022-09-02 15:08:48,314 INFO [RAFT-NOTIFIER] datum is changed, key: com.alibaba.nacos.naming.domains.meta.6a3ccf77-80cb-44b4-a566-6f938d0eaccb##DEFAULT_GROUP@@borrow-service, value: Service{name='DEFAULT_GROUP@@borrow-service', protectThreshold=0.0, appName='null', groupName='DEFAULT_GROUP', metadata={}}

2022-09-02 15:08:48,314 INFO add listener: com.alibaba.nacos.naming.iplist.6a3ccf77-80cb-44b4-a566-6f938d0eaccb##DEFAULT_GROUP@@borrow-service

2022-09-02 15:08:53,884 INFO leader timeout, start voting,leader: null, term: 0

2022-09-02 15:08:53,899 INFO received illegitimate vote, voter-term:1, votee-term:1

2022-09-02 15:08:53,902 ERROR NACOS-RAFT vote failed: 500, url: http://127.0.0.1:8801/nacos/v1/ns/raft/vote

2022-09-02 15:08:53,921 INFO received approve from peer: {"ip":"192.168.2.4:8802","voteFor":"192.168.2.4:8802","term":1,"leaderDueMs":15149,"heartbeatDueMs":4500,"state":"CANDIDATE"}

2022-09-02 15:09:00,003 WARN [IS LEADER] no leader is available now!

2022-09-02 15:09:09,384 INFO leader timeout, start voting,leader: null, term: 1

2022-09-02 15:09:09,389 INFO received illegitimate vote, voter-term:2, votee-term:2

2022-09-02 15:09:09,392 INFO received approve from peer: {"ip":"192.168.2.4:8802","voteFor":"192.168.2.4:8802","term":2,"leaderDueMs":18785,"heartbeatDueMs":5000,"state":"CANDIDATE"}

2022-09-02 15:09:09,392 ERROR NACOS-RAFT vote failed: 500, url: http://127.0.0.1:8801/nacos/v1/ns/raft/vote

2022-09-02 15:09:15,005 WARN [IS LEADER] no leader is available now!

2022-09-02 15:09:28,381 INFO leader timeout, start voting,leader: null, term: 2

2022-09-02 15:09:28,384 INFO received illegitimate vote, voter-term:3, votee-term:3

2022-09-02 15:09:28,386 INFO received approve from peer: {"ip":"192.168.2.4:8802","voteFor":"192.168.2.4:8802","term":3,"leaderDueMs":18630,"heartbeatDueMs":5000,"state":"CANDIDATE"}

2022-09-02 15:09:28,386 ERROR NACOS-RAFT vote failed: 500, url: http://127.0.0.1:8801/nacos/v1/ns/raft/vote

2022-09-02 15:09:30,005 WARN [IS LEADER] no leader is available now!

2022-09-02 15:09:45,004 WARN [IS LEADER] no leader is available now!

2022-09-02 15:09:47,384 INFO leader timeout, start voting,leader: null, term: 3

2022-09-02 15:09:47,387 INFO received illegitimate vote, voter-term:4, votee-term:4

2022-09-02 15:09:47,389 ERROR NACOS-RAFT vote failed: 500, url: http://127.0.0.1:8801/nacos/v1/ns/raft/vote

2022-09-02 15:09:47,389 INFO received approve from peer: {"ip":"192.168.2.4:8802","voteFor":"192.168.2.4:8802","term":4,"leaderDueMs":15740,"heartbeatDueMs":5000,"state":"CANDIDATE"}

2022-09-02 15:10:00,002 WARN [IS LEADER] no leader is available now!

2022-09-02 15:10:03,383 INFO leader timeout, start voting,leader: null, term: 4

2022-09-02 15:10:03,385 INFO received illegitimate vote, voter-term:5, votee-term:5

2022-09-02 15:10:03,386 INFO received approve from peer: {"ip":"192.168.2.4:8802","voteFor":"192.168.2.4:8802","term":5,"leaderDueMs":16131,"heartbeatDueMs":5000,"state":"CANDIDATE"}

2022-09-02 15:10:03,387 ERROR NACOS-RAFT vote failed: 500, url: http://127.0.0.1:8801/nacos/v1/ns/raft/vote

2022-09-02 15:10:15,003 WARN [IS LEADER] no leader is available now!

2022-09-02 15:10:19,884 INFO leader timeout, start voting,leader: null, term: 5

2022-09-02 15:10:19,887 INFO received illegitimate vote, voter-term:6, votee-term:6

2022-09-02 15:10:19,888 INFO received approve from peer: {"ip":"192.168.2.4:8802","voteFor":"192.168.2.4:8802","term":6,"leaderDueMs":17955,"heartbeatDueMs":5000,"state":"CANDIDATE"}

2022-09-02 15:10:19,889 ERROR NACOS-RAFT vote failed: 500, url: http://127.0.0.1:8801/nacos/v1/ns/raft/vote

2022-09-02 15:10:30,006 WARN [IS LEADER] no leader is available now!

